<?xml version="1.0" encoding="UTF-8"?>
<!-- Generated by org.testng.reporters.JUnitReportReporter -->
<testsuite hostname="DESKTOP-GGFM9R1" failures="0" tests="1" name="com.RestAssuredDay1.HttpRequests" time="3.547" errors="0" timestamp="2025-03-15T10:23:02 EDT" skipped="0">
  <testcase classname="com.RestAssuredDay1.HttpRequests" name="createUsers" time="3.547"/>
</testsuite> <!-- com.RestAssuredDay1.HttpRequests -->
