<?xml version="1.0" encoding="UTF-8"?>
<!-- Generated by org.testng.reporters.JUnitReportReporter -->
<testsuite hostname="DESKTOP-GGFM9R1" failures="0" tests="4" name="com.ApiTestCases.UserTest" time="2.822" errors="0" timestamp="2025-03-16T11:09:56 EDT" skipped="0">
  <testcase classname="com.ApiTestCases.UserTest" name="testCreateUser" time="2.561"/>
  <system-out/>
  <testcase classname="com.ApiTestCases.UserTest" name="testgetUser" time="0.104"/>
  <system-out/>
  <testcase classname="com.ApiTestCases.UserTest" name="testUpdateUser" time="0.080"/>
  <system-out/>
  <testcase classname="com.ApiTestCases.UserTest" name="testDeleteUser" time="0.077"/>
  <system-out/>
</testsuite> <!-- com.ApiTestCases.UserTest -->
