<?xml version="1.0" encoding="UTF-8"?>
<!-- Generated by org.testng.reporters.JUnitReportReporter -->
<testsuite hostname="DESKTOP-GGFM9R1" failures="0" tests="3" name="com.DAy7SeleniumTestNGGrouping.SignupTest" time="0.015" errors="0" timestamp="2025-03-01T14:33:25 EST" skipped="0">
  <testcase classname="com.DAy7SeleniumTestNGGrouping.SignupTest" name="SignupByEmail" time="0.010"/>
  <testcase classname="com.DAy7SeleniumTestNGGrouping.SignupTest" name="SignupByFB" time="0.002"/>
  <testcase classname="com.DAy7SeleniumTestNGGrouping.SignupTest" name="SignupByTwiter" time="0.003"/>
</testsuite> <!-- com.DAy7SeleniumTestNGGrouping.SignupTest -->
