<?xml version="1.0" encoding="UTF-8"?>
<!-- Generated by org.testng.reporters.JUnitReportReporter -->
<testsuite hostname="DESKTOP-GGFM9R1" failures="0" tests="3" name="com.DAy7SeleniumTestNGGrouping.LoginTest" time="0.011" errors="0" timestamp="2025-03-01T14:47:12 EST" skipped="0">
  <testcase classname="com.DAy7SeleniumTestNGGrouping.LoginTest" name="loginByEmail" time="0.009"/>
  <testcase classname="com.DAy7SeleniumTestNGGrouping.LoginTest" name="loginByFB" time="0.000"/>
  <testcase classname="com.DAy7SeleniumTestNGGrouping.LoginTest" name="loginByTwiter" time="0.002"/>
</testsuite> <!-- com.DAy7SeleniumTestNGGrouping.LoginTest -->
