<?xml version="1.0" encoding="UTF-8"?>
<!-- Generated by org.testng.reporters.JUnitReportReporter -->
<testsuite hostname="DESKTOP-GGFM9R1" failures="0" tests="1" name="com.Day6Selenium.SeleniumActionClass" time="7.044" errors="0" timestamp="2025-03-01T13:47:36 EST" skipped="0">
  <testcase classname="com.Day6Selenium.SeleniumActionClass" name="testhuit" time="7.044"/>
</testsuite> <!-- com.Day6Selenium.SeleniumActionClass -->
