<?xml version="1.0" encoding="UTF-8"?>
<!-- Generated by org.testng.reporters.JUnitReportReporter -->
<testsuite hostname="DESKTOP-GGFM9R1" failures="0" tests="3" name="com.Day5SeleniumTestNG.FirstTC" time="0.002" errors="0" timestamp="2025-03-01T13:34:18 EST" skipped="0">
  <testcase classname="com.Day5SeleniumTestNG.FirstTC" name="openApp" time="0.001"/>
  <testcase classname="com.Day5SeleniumTestNG.FirstTC" name="login" time="0.000"/>
  <testcase classname="com.Day5SeleniumTestNG.FirstTC" name="logot" time="0.001"/>
</testsuite> <!-- com.Day5SeleniumTestNG.FirstTC -->
