<?xml version="1.0" encoding="UTF-8"?>
<!-- Generated by org.testng.reporters.JUnitReportReporter -->
<testsuite hostname="DESKTOP-GGFM9R1" failures="0" tests="3" name="com.DAy7SeleniumTestNGGrouping.PaymentTest" time="0.004" errors="0" timestamp="2025-03-01T14:47:12 EST" skipped="0">
  <testcase classname="com.DAy7SeleniumTestNGGrouping.PaymentTest" name="paymentByDollar" time="0.001"/>
  <testcase classname="com.DAy7SeleniumTestNGGrouping.PaymentTest" name="paymentByPnd" time="0.002"/>
  <testcase classname="com.DAy7SeleniumTestNGGrouping.PaymentTest" name="paymentByRs" time="0.001"/>
</testsuite> <!-- com.DAy7SeleniumTestNGGrouping.PaymentTest -->
